<?xml version="1.0" encoding="UTF-8"?>
<testng-results total="2" passed="2" failed="0" skipped="0">
  <reporter-output>
  </reporter-output>
  <suite started-at="2021-07-08T16:33:49Z" name="Suite" finished-at="2021-07-08T16:33:50Z" duration-ms="712">
    <groups>
    </groups>
    <test started-at="2021-07-08T16:33:49Z" name="Test1" finished-at="2021-07-08T16:33:49Z" duration-ms="38">
      <class name="Academy.Jenkinsdemo1">
        <test-method signature="demo1()[pri:0, instance:Academy.Jenkinsdemo1@33f676f6]" started-at="2021-07-08T22:03:49Z" name="demo1" finished-at="2021-07-08T22:03:49Z" duration-ms="17" status="PASS">
          <reporter-output>
          </reporter-output>
        </test-method> <!-- demo1 -->
      </class> <!-- Academy.Jenkinsdemo1 -->
    </test> <!-- Test1 -->
    <test started-at="2021-07-08T16:33:50Z" name="Test2" finished-at="2021-07-08T16:33:50Z" duration-ms="2">
      <class name="Academy.Jenkinsdemo2">
        <test-method signature="demo2()[pri:0, instance:Academy.Jenkinsdemo2@3eb91815]" started-at="2021-07-08T22:03:50Z" name="demo2" finished-at="2021-07-08T22:03:50Z" duration-ms="0" status="PASS">
          <reporter-output>
          </reporter-output>
        </test-method> <!-- demo2 -->
      </class> <!-- Academy.Jenkinsdemo2 -->
    </test> <!-- Test2 -->
  </suite> <!-- Suite -->
</testng-results>
